[0m[[0m[0mdebug[0m] [0m[0mjavaOptions: Vector()[0m
[0m[[0m[0mdebug[0m] [0m[0mForking tests - parallelism = false[0m
[0m[[0m[0mdebug[0m] [0m[0mCreate a single-thread test executor[0m
[0m[[0m[0mdebug[0m] [0m[0mRunner for org.scalatest.tools.Framework produced 2 initial tasks for 2 tests.[0m
[0m[[0m[0mdebug[0m] [0m[0m  Running TaskDef(CoffeeMachineTests, sbt.ForkMain$SubclassFingerscan@3b94d659, false, [SuiteSelector])[0m
[0m[[0m[0minfo[0m] [0m[0m[32mCoffeeMachineTests:[0m[0m
[0m[[0m[0minfo[0m] [0m[0m[32mCoffeeMachine[0m[0m
[0m[[0m[0minfo[0m] [0m[0m[31m- should transition from IDLE to Brewing on receiving BrewCoffee message *** FAILED ***[0m[0m
[0m[[0m[0minfo[0m] [0m[0m[31m  scala.NotImplementedError: an implementation is missing[0m[0m
[0m[[0m[0minfo[0m] [0m[0m[31m  at scala.Predef$.$qmark$qmark$qmark(Predef.scala:344)[0m[0m
[0m[[0m[0minfo[0m] [0m[0m[31m  at com.lightbend.training.CoffeeMachine$.$anonfun$idle$1(CoffeeMachine.scala:19)[0m[0m
[0m[[0m[0minfo[0m] [0m[0m[31m  at akka.actor.typed.internal.BehaviorImpl$DeferredBehavior$$anon$1.apply(BehaviorImpl.scala:119)[0m[0m
[0m[[0m[0minfo[0m] [0m[0m[31m  at akka.actor.typed.Behavior$.start(Behavior.scala:168)[0m[0m
[0m[[0m[0minfo[0m] [0m[0m[31m  at akka.actor.testkit.typed.internal.BehaviorTestKitImpl.<init>(BehaviorTestKitImpl.scala:48)[0m[0m
[0m[[0m[0minfo[0m] [0m[0m[31m  at akka.actor.testkit.typed.scaladsl.BehaviorTestKit$.apply(BehaviorTestKit.scala:27)[0m[0m
[0m[[0m[0minfo[0m] [0m[0m[31m  at akka.actor.testkit.typed.scaladsl.BehaviorTestKit$.apply(BehaviorTestKit.scala:30)[0m[0m
[0m[[0m[0minfo[0m] [0m[0m[31m  at akka.actor.testkit.typed.scaladsl.BehaviorTestKit$.apply(BehaviorTestKit.scala:33)[0m[0m
[0m[[0m[0minfo[0m] [0m[0m[31m  at CoffeeMachineTests.$anonfun$new$2(CoffeeMachineTests.scala:13)[0m[0m
[0m[[0m[0minfo[0m] [0m[0m[31m  at org.scalatest.OutcomeOf.outcomeOf(OutcomeOf.scala:85)[0m[0m
[0m[[0m[0minfo[0m] [0m[0m[31m  ...[0m[0m
[0m[[0m[0minfo[0m] [0m[0m[31m- should transition between its states along the full cycle *** FAILED ***[0m[0m
[0m[[0m[0minfo[0m] [0m[0m[31m  scala.NotImplementedError: an implementation is missing[0m[0m
[0m[[0m[0minfo[0m] [0m[0m[31m  at scala.Predef$.$qmark$qmark$qmark(Predef.scala:344)[0m[0m
[0m[[0m[0minfo[0m] [0m[0m[31m  at com.lightbend.training.CoffeeMachine$.$anonfun$idle$1(CoffeeMachine.scala:19)[0m[0m
[0m[[0m[0minfo[0m] [0m[0m[31m  at akka.actor.typed.internal.BehaviorImpl$DeferredBehavior$$anon$1.apply(BehaviorImpl.scala:119)[0m[0m
[0m[[0m[0minfo[0m] [0m[0m[31m  at akka.actor.typed.Behavior$.start(Behavior.scala:168)[0m[0m
[0m[[0m[0minfo[0m] [0m[0m[31m  at akka.actor.testkit.typed.internal.BehaviorTestKitImpl.<init>(BehaviorTestKitImpl.scala:48)[0m[0m
[0m[[0m[0minfo[0m] [0m[0m[31m  at akka.actor.testkit.typed.scaladsl.BehaviorTestKit$.apply(BehaviorTestKit.scala:27)[0m[0m
[0m[[0m[0minfo[0m] [0m[0m[31m  at akka.actor.testkit.typed.scaladsl.BehaviorTestKit$.apply(BehaviorTestKit.scala:30)[0m[0m
[0m[[0m[0minfo[0m] [0m[0m[31m  at akka.actor.testkit.typed.scaladsl.BehaviorTestKit$.apply(BehaviorTestKit.scala:33)[0m[0m
[0m[[0m[0minfo[0m] [0m[0m[31m  at CoffeeMachineTests.$anonfun$new$3(CoffeeMachineTests.scala:22)[0m[0m
[0m[[0m[0minfo[0m] [0m[0m[31m  at org.scalatest.OutcomeOf.outcomeOf(OutcomeOf.scala:85)[0m[0m
[0m[[0m[0minfo[0m] [0m[0m[31m  ...[0m[0m
[0m[[0m[0minfo[0m] [0m[0m[31m- should be able to start a new cycle after completing one *** FAILED ***[0m[0m
[0m[[0m[0minfo[0m] [0m[0m[31m  scala.NotImplementedError: an implementation is missing[0m[0m
[0m[[0m[0minfo[0m] [0m[0m[31m  at scala.Predef$.$qmark$qmark$qmark(Predef.scala:344)[0m[0m
[0m[[0m[0minfo[0m] [0m[0m[31m  at com.lightbend.training.CoffeeMachine$.$anonfun$idle$1(CoffeeMachine.scala:19)[0m[0m
[0m[[0m[0minfo[0m] [0m[0m[31m  at akka.actor.typed.internal.BehaviorImpl$DeferredBehavior$$anon$1.apply(BehaviorImpl.scala:119)[0m[0m
[0m[[0m[0minfo[0m] [0m[0m[31m  at akka.actor.typed.Behavior$.start(Behavior.scala:168)[0m[0m
[0m[[0m[0minfo[0m] [0m[0m[31m  at akka.actor.testkit.typed.internal.BehaviorTestKitImpl.<init>(BehaviorTestKitImpl.scala:48)[0m[0m
[0m[[0m[0minfo[0m] [0m[0m[31m  at akka.actor.testkit.typed.scaladsl.BehaviorTestKit$.apply(BehaviorTestKit.scala:27)[0m[0m
[0m[[0m[0minfo[0m] [0m[0m[31m  at akka.actor.testkit.typed.scaladsl.BehaviorTestKit$.apply(BehaviorTestKit.scala:30)[0m[0m
[0m[[0m[0minfo[0m] [0m[0m[31m  at akka.actor.testkit.typed.scaladsl.BehaviorTestKit$.apply(BehaviorTestKit.scala:33)[0m[0m
[0m[[0m[0minfo[0m] [0m[0m[31m  at CoffeeMachineTests.$anonfun$new$4(CoffeeMachineTests.scala:35)[0m[0m
[0m[[0m[0minfo[0m] [0m[0m[31m  at org.scalatest.OutcomeOf.outcomeOf(OutcomeOf.scala:85)[0m[0m
[0m[[0m[0minfo[0m] [0m[0m[31m  ...[0m[0m
[0m[[0m[0mdebug[0m] [0m[0m    Produced 0 nested tasks and 3 events.[0m
[0m[[0m[0mdebug[0m] [0m[0m  Running TaskDef(BaristaTests, sbt.ForkMain$SubclassFingerscan@24b1d79b, false, [SuiteSelector])[0m
[0m[[0m[0minfo[0m] [0m[0m[32mBaristaTests:[0m[0m
[0m[[0m[0minfo[0m] [0m[0m[32mBarista[0m[0m
[0m[[0m[0minfo[0m] [0m[0m[32m- should log receiving order[0m[0m
[0m[[0m[0mdebug[0m] [0m[0m    Produced 0 nested tasks and 1 events.[0m
[0m[[0m[0minfo[0m] [0m[0m[36mRun completed in 435 milliseconds.[0m[0m
[0m[[0m[0minfo[0m] [0m[0m[36mTotal number of tests run: 4[0m[0m
[0m[[0m[0minfo[0m] [0m[0m[36mSuites: completed 2, aborted 0[0m[0m
[0m[[0m[0minfo[0m] [0m[0m[36mTests: succeeded 1, failed 3, canceled 0, ignored 0, pending 0[0m[0m
[0m[[0m[0minfo[0m] [0m[0m[31m*** 3 TESTS FAILED ***[0m[0m
[0m[[0m[0mdebug[0m] [0m[0mPassed tests:[0m
[0m[[0m[0mdebug[0m] [0m[0m	BaristaTests[0m
[0m[[0m[31merror[0m] [0m[0mFailed tests:[0m
[0m[[0m[31merror[0m] [0m[0m	CoffeeMachineTests[0m
[0m[[0m[31merror[0m] [0m[0m(Test / [31mtest[0m) sbt.TestsFailedException: Tests unsuccessful[0m
