<?xml version='1.0' encoding='UTF-8'?>
<testsuite hostname="Brents-MacBook-Pro-3.local" name="BaristaTests" tests="2" errors="0" failures="0" skipped="0"
           time="0.01" timestamp="2024-07-22T13:26:51">
  <properties>
[...]
</properties>
  <testcase classname="BaristaTests" name="Barista should log receiving order" time="0.008">

  </testcase>
  <testcase classname="BaristaTests"
            name="Barista should spawn a child actor CoffeeMachine with as actor name 'coffee-machine'" time="0.002">

  </testcase>
  <system-out><![CDATA[]]></system-out>
  <system-err><![CDATA[]]></system-err>
</testsuite>