<?xml version='1.0' encoding='UTF-8'?>
<testsuite hostname="Brents-MacBook-Pro-3.local" name="CoffeeMachineTests" tests="3" errors="0" failures="3" skipped="0"
           time="0.084" timestamp="2024-06-07T17:39:24">
  <properties>
[...]
</properties>
  <testcase classname="CoffeeMachineTests"
            name="CoffeeMachine should transition from IDLE to Brewing on receiving BrewCoffee message" time="0.081">
    <failure message="scala.NotImplementedError: an implementation is missing" type="sbt.ForkMain$ForkError">
      sbt.ForkMain$ForkError: scala.NotImplementedError: an implementation is missing
      at scala.Predef$.$qmark$qmark$qmark(Predef.scala:344)
      at com.lightbend.training.CoffeeMachine$.$anonfun$idle$1(CoffeeMachine.scala:19)
      at akka.actor.typed.internal.BehaviorImpl$DeferredBehavior$$anon$1.apply(BehaviorImpl.scala:119)
      at akka.actor.typed.Behavior$.start(Behavior.scala:168)
      at akka.actor.testkit.typed.internal.BehaviorTestKitImpl.&lt;init&gt;(BehaviorTestKitImpl.scala:48)
      at akka.actor.testkit.typed.scaladsl.BehaviorTestKit$.apply(BehaviorTestKit.scala:27)
      at akka.actor.testkit.typed.scaladsl.BehaviorTestKit$.apply(BehaviorTestKit.scala:30)
      at akka.actor.testkit.typed.scaladsl.BehaviorTestKit$.apply(BehaviorTestKit.scala:33)
      at CoffeeMachineTests.$anonfun$new$2(CoffeeMachineTests.scala:13)
      at org.scalatest.OutcomeOf.outcomeOf(OutcomeOf.scala:85)
      at org.scalatest.OutcomeOf.outcomeOf$(OutcomeOf.scala:83)
      at org.scalatest.OutcomeOf$.outcomeOf(OutcomeOf.scala:104)
      at org.scalatest.Transformer.apply(Transformer.scala:22)
      at org.scalatest.Transformer.apply(Transformer.scala:20)
      at org.scalatest.wordspec.AnyWordSpecLike$$anon$3.apply(AnyWordSpecLike.scala:1076)
      at akka.actor.testkit.typed.scaladsl.LogCapturing.withFixture(LogCapturing.scala:70)
      at akka.actor.testkit.typed.scaladsl.LogCapturing.withFixture$(LogCapturing.scala:68)
      at CoffeeMachineTests.withFixture(CoffeeMachineTests.scala:8)
      at org.scalatest.wordspec.AnyWordSpecLike.invokeWithFixture$1(AnyWordSpecLike.scala:1074)
      at org.scalatest.wordspec.AnyWordSpecLike.$anonfun$runTest$1(AnyWordSpecLike.scala:1086)
      at org.scalatest.SuperEngine.runTestImpl(Engine.scala:306)
      at org.scalatest.wordspec.AnyWordSpecLike.runTest(AnyWordSpecLike.scala:1086)
      at org.scalatest.wordspec.AnyWordSpecLike.runTest$(AnyWordSpecLike.scala:1068)
      at CoffeeMachineTests.runTest(CoffeeMachineTests.scala:8)
      at org.scalatest.wordspec.AnyWordSpecLike.$anonfun$runTests$1(AnyWordSpecLike.scala:1145)
      at org.scalatest.SuperEngine.$anonfun$runTestsInBranch$1(Engine.scala:413)
      at scala.collection.immutable.List.foreach(List.scala:333)
      at org.scalatest.SuperEngine.traverseSubNodes$1(Engine.scala:401)
      at org.scalatest.SuperEngine.runTestsInBranch(Engine.scala:390)
      at org.scalatest.SuperEngine.$anonfun$runTestsInBranch$1(Engine.scala:427)
      at scala.collection.immutable.List.foreach(List.scala:333)
      at org.scalatest.SuperEngine.traverseSubNodes$1(Engine.scala:401)
      at org.scalatest.SuperEngine.runTestsInBranch(Engine.scala:396)
      at org.scalatest.SuperEngine.runTestsImpl(Engine.scala:475)
      at org.scalatest.wordspec.AnyWordSpecLike.runTests(AnyWordSpecLike.scala:1145)
      at org.scalatest.wordspec.AnyWordSpecLike.runTests$(AnyWordSpecLike.scala:1144)
      at CoffeeMachineTests.runTests(CoffeeMachineTests.scala:8)
      at org.scalatest.Suite.run(Suite.scala:1112)
      at org.scalatest.Suite.run$(Suite.scala:1094)
      at CoffeeMachineTests.org$scalatest$wordspec$AnyWordSpecLike$$super$run(CoffeeMachineTests.scala:8)
      at org.scalatest.wordspec.AnyWordSpecLike.$anonfun$run$1(AnyWordSpecLike.scala:1190)
      at org.scalatest.SuperEngine.runImpl(Engine.scala:535)
      at org.scalatest.wordspec.AnyWordSpecLike.run(AnyWordSpecLike.scala:1190)
      at org.scalatest.wordspec.AnyWordSpecLike.run$(AnyWordSpecLike.scala:1188)
      at CoffeeMachineTests.org$scalatest$BeforeAndAfterAll$$super$run(CoffeeMachineTests.scala:8)
      at org.scalatest.BeforeAndAfterAll.liftedTree1$1(BeforeAndAfterAll.scala:213)
      at org.scalatest.BeforeAndAfterAll.run(BeforeAndAfterAll.scala:210)
      at org.scalatest.BeforeAndAfterAll.run$(BeforeAndAfterAll.scala:208)
      at CoffeeMachineTests.run(CoffeeMachineTests.scala:8)
      at org.scalatest.tools.Framework.org$scalatest$tools$Framework$$runSuite(Framework.scala:318)
      at org.scalatest.tools.Framework$ScalaTestTask.execute(Framework.scala:513)
      at sbt.ForkMain$Run.lambda$runTest$1(ForkMain.java:413)
      at java.base/java.util.concurrent.FutureTask.run(FutureTask.java:264)
      at java.base/java.util.concurrent.ThreadPoolExecutor.runWorker(ThreadPoolExecutor.java:1136)
      at java.base/java.util.concurrent.ThreadPoolExecutor$Worker.run(ThreadPoolExecutor.java:635)
      at java.base/java.lang.Thread.run(Thread.java:833)
    </failure>
  </testcase>
  <testcase classname="CoffeeMachineTests"
            name="CoffeeMachine should transition between its states along the full cycle" time="0.002">
    <failure message="scala.NotImplementedError: an implementation is missing" type="sbt.ForkMain$ForkError">
      sbt.ForkMain$ForkError: scala.NotImplementedError: an implementation is missing
      at scala.Predef$.$qmark$qmark$qmark(Predef.scala:344)
      at com.lightbend.training.CoffeeMachine$.$anonfun$idle$1(CoffeeMachine.scala:19)
      at akka.actor.typed.internal.BehaviorImpl$DeferredBehavior$$anon$1.apply(BehaviorImpl.scala:119)
      at akka.actor.typed.Behavior$.start(Behavior.scala:168)
      at akka.actor.testkit.typed.internal.BehaviorTestKitImpl.&lt;init&gt;(BehaviorTestKitImpl.scala:48)
      at akka.actor.testkit.typed.scaladsl.BehaviorTestKit$.apply(BehaviorTestKit.scala:27)
      at akka.actor.testkit.typed.scaladsl.BehaviorTestKit$.apply(BehaviorTestKit.scala:30)
      at akka.actor.testkit.typed.scaladsl.BehaviorTestKit$.apply(BehaviorTestKit.scala:33)
      at CoffeeMachineTests.$anonfun$new$3(CoffeeMachineTests.scala:22)
      at org.scalatest.OutcomeOf.outcomeOf(OutcomeOf.scala:85)
      at org.scalatest.OutcomeOf.outcomeOf$(OutcomeOf.scala:83)
      at org.scalatest.OutcomeOf$.outcomeOf(OutcomeOf.scala:104)
      at org.scalatest.Transformer.apply(Transformer.scala:22)
      at org.scalatest.Transformer.apply(Transformer.scala:20)
      at org.scalatest.wordspec.AnyWordSpecLike$$anon$3.apply(AnyWordSpecLike.scala:1076)
      at akka.actor.testkit.typed.scaladsl.LogCapturing.withFixture(LogCapturing.scala:70)
      at akka.actor.testkit.typed.scaladsl.LogCapturing.withFixture$(LogCapturing.scala:68)
      at CoffeeMachineTests.withFixture(CoffeeMachineTests.scala:8)
      at org.scalatest.wordspec.AnyWordSpecLike.invokeWithFixture$1(AnyWordSpecLike.scala:1074)
      at org.scalatest.wordspec.AnyWordSpecLike.$anonfun$runTest$1(AnyWordSpecLike.scala:1086)
      at org.scalatest.SuperEngine.runTestImpl(Engine.scala:306)
      at org.scalatest.wordspec.AnyWordSpecLike.runTest(AnyWordSpecLike.scala:1086)
      at org.scalatest.wordspec.AnyWordSpecLike.runTest$(AnyWordSpecLike.scala:1068)
      at CoffeeMachineTests.runTest(CoffeeMachineTests.scala:8)
      at org.scalatest.wordspec.AnyWordSpecLike.$anonfun$runTests$1(AnyWordSpecLike.scala:1145)
      at org.scalatest.SuperEngine.$anonfun$runTestsInBranch$1(Engine.scala:413)
      at scala.collection.immutable.List.foreach(List.scala:333)
      at org.scalatest.SuperEngine.traverseSubNodes$1(Engine.scala:401)
      at org.scalatest.SuperEngine.runTestsInBranch(Engine.scala:390)
      at org.scalatest.SuperEngine.$anonfun$runTestsInBranch$1(Engine.scala:427)
      at scala.collection.immutable.List.foreach(List.scala:333)
      at org.scalatest.SuperEngine.traverseSubNodes$1(Engine.scala:401)
      at org.scalatest.SuperEngine.runTestsInBranch(Engine.scala:396)
      at org.scalatest.SuperEngine.runTestsImpl(Engine.scala:475)
      at org.scalatest.wordspec.AnyWordSpecLike.runTests(AnyWordSpecLike.scala:1145)
      at org.scalatest.wordspec.AnyWordSpecLike.runTests$(AnyWordSpecLike.scala:1144)
      at CoffeeMachineTests.runTests(CoffeeMachineTests.scala:8)
      at org.scalatest.Suite.run(Suite.scala:1112)
      at org.scalatest.Suite.run$(Suite.scala:1094)
      at CoffeeMachineTests.org$scalatest$wordspec$AnyWordSpecLike$$super$run(CoffeeMachineTests.scala:8)
      at org.scalatest.wordspec.AnyWordSpecLike.$anonfun$run$1(AnyWordSpecLike.scala:1190)
      at org.scalatest.SuperEngine.runImpl(Engine.scala:535)
      at org.scalatest.wordspec.AnyWordSpecLike.run(AnyWordSpecLike.scala:1190)
      at org.scalatest.wordspec.AnyWordSpecLike.run$(AnyWordSpecLike.scala:1188)
      at CoffeeMachineTests.org$scalatest$BeforeAndAfterAll$$super$run(CoffeeMachineTests.scala:8)
      at org.scalatest.BeforeAndAfterAll.liftedTree1$1(BeforeAndAfterAll.scala:213)
      at org.scalatest.BeforeAndAfterAll.run(BeforeAndAfterAll.scala:210)
      at org.scalatest.BeforeAndAfterAll.run$(BeforeAndAfterAll.scala:208)
      at CoffeeMachineTests.run(CoffeeMachineTests.scala:8)
      at org.scalatest.tools.Framework.org$scalatest$tools$Framework$$runSuite(Framework.scala:318)
      at org.scalatest.tools.Framework$ScalaTestTask.execute(Framework.scala:513)
      at sbt.ForkMain$Run.lambda$runTest$1(ForkMain.java:413)
      at java.base/java.util.concurrent.FutureTask.run(FutureTask.java:264)
      at java.base/java.util.concurrent.ThreadPoolExecutor.runWorker(ThreadPoolExecutor.java:1136)
      at java.base/java.util.concurrent.ThreadPoolExecutor$Worker.run(ThreadPoolExecutor.java:635)
      at java.base/java.lang.Thread.run(Thread.java:833)
    </failure>
  </testcase>
  <testcase classname="CoffeeMachineTests" name="CoffeeMachine should be able to start a new cycle after completing one"
            time="0.001">
    <failure message="scala.NotImplementedError: an implementation is missing" type="sbt.ForkMain$ForkError">
      sbt.ForkMain$ForkError: scala.NotImplementedError: an implementation is missing
      at scala.Predef$.$qmark$qmark$qmark(Predef.scala:344)
      at com.lightbend.training.CoffeeMachine$.$anonfun$idle$1(CoffeeMachine.scala:19)
      at akka.actor.typed.internal.BehaviorImpl$DeferredBehavior$$anon$1.apply(BehaviorImpl.scala:119)
      at akka.actor.typed.Behavior$.start(Behavior.scala:168)
      at akka.actor.testkit.typed.internal.BehaviorTestKitImpl.&lt;init&gt;(BehaviorTestKitImpl.scala:48)
      at akka.actor.testkit.typed.scaladsl.BehaviorTestKit$.apply(BehaviorTestKit.scala:27)
      at akka.actor.testkit.typed.scaladsl.BehaviorTestKit$.apply(BehaviorTestKit.scala:30)
      at akka.actor.testkit.typed.scaladsl.BehaviorTestKit$.apply(BehaviorTestKit.scala:33)
      at CoffeeMachineTests.$anonfun$new$4(CoffeeMachineTests.scala:35)
      at org.scalatest.OutcomeOf.outcomeOf(OutcomeOf.scala:85)
      at org.scalatest.OutcomeOf.outcomeOf$(OutcomeOf.scala:83)
      at org.scalatest.OutcomeOf$.outcomeOf(OutcomeOf.scala:104)
      at org.scalatest.Transformer.apply(Transformer.scala:22)
      at org.scalatest.Transformer.apply(Transformer.scala:20)
      at org.scalatest.wordspec.AnyWordSpecLike$$anon$3.apply(AnyWordSpecLike.scala:1076)
      at akka.actor.testkit.typed.scaladsl.LogCapturing.withFixture(LogCapturing.scala:70)
      at akka.actor.testkit.typed.scaladsl.LogCapturing.withFixture$(LogCapturing.scala:68)
      at CoffeeMachineTests.withFixture(CoffeeMachineTests.scala:8)
      at org.scalatest.wordspec.AnyWordSpecLike.invokeWithFixture$1(AnyWordSpecLike.scala:1074)
      at org.scalatest.wordspec.AnyWordSpecLike.$anonfun$runTest$1(AnyWordSpecLike.scala:1086)
      at org.scalatest.SuperEngine.runTestImpl(Engine.scala:306)
      at org.scalatest.wordspec.AnyWordSpecLike.runTest(AnyWordSpecLike.scala:1086)
      at org.scalatest.wordspec.AnyWordSpecLike.runTest$(AnyWordSpecLike.scala:1068)
      at CoffeeMachineTests.runTest(CoffeeMachineTests.scala:8)
      at org.scalatest.wordspec.AnyWordSpecLike.$anonfun$runTests$1(AnyWordSpecLike.scala:1145)
      at org.scalatest.SuperEngine.$anonfun$runTestsInBranch$1(Engine.scala:413)
      at scala.collection.immutable.List.foreach(List.scala:333)
      at org.scalatest.SuperEngine.traverseSubNodes$1(Engine.scala:401)
      at org.scalatest.SuperEngine.runTestsInBranch(Engine.scala:390)
      at org.scalatest.SuperEngine.$anonfun$runTestsInBranch$1(Engine.scala:427)
      at scala.collection.immutable.List.foreach(List.scala:333)
      at org.scalatest.SuperEngine.traverseSubNodes$1(Engine.scala:401)
      at org.scalatest.SuperEngine.runTestsInBranch(Engine.scala:396)
      at org.scalatest.SuperEngine.runTestsImpl(Engine.scala:475)
      at org.scalatest.wordspec.AnyWordSpecLike.runTests(AnyWordSpecLike.scala:1145)
      at org.scalatest.wordspec.AnyWordSpecLike.runTests$(AnyWordSpecLike.scala:1144)
      at CoffeeMachineTests.runTests(CoffeeMachineTests.scala:8)
      at org.scalatest.Suite.run(Suite.scala:1112)
      at org.scalatest.Suite.run$(Suite.scala:1094)
      at CoffeeMachineTests.org$scalatest$wordspec$AnyWordSpecLike$$super$run(CoffeeMachineTests.scala:8)
      at org.scalatest.wordspec.AnyWordSpecLike.$anonfun$run$1(AnyWordSpecLike.scala:1190)
      at org.scalatest.SuperEngine.runImpl(Engine.scala:535)
      at org.scalatest.wordspec.AnyWordSpecLike.run(AnyWordSpecLike.scala:1190)
      at org.scalatest.wordspec.AnyWordSpecLike.run$(AnyWordSpecLike.scala:1188)
      at CoffeeMachineTests.org$scalatest$BeforeAndAfterAll$$super$run(CoffeeMachineTests.scala:8)
      at org.scalatest.BeforeAndAfterAll.liftedTree1$1(BeforeAndAfterAll.scala:213)
      at org.scalatest.BeforeAndAfterAll.run(BeforeAndAfterAll.scala:210)
      at org.scalatest.BeforeAndAfterAll.run$(BeforeAndAfterAll.scala:208)
      at CoffeeMachineTests.run(CoffeeMachineTests.scala:8)
      at org.scalatest.tools.Framework.org$scalatest$tools$Framework$$runSuite(Framework.scala:318)
      at org.scalatest.tools.Framework$ScalaTestTask.execute(Framework.scala:513)
      at sbt.ForkMain$Run.lambda$runTest$1(ForkMain.java:413)
      at java.base/java.util.concurrent.FutureTask.run(FutureTask.java:264)
      at java.base/java.util.concurrent.ThreadPoolExecutor.runWorker(ThreadPoolExecutor.java:1136)
      at java.base/java.util.concurrent.ThreadPoolExecutor$Worker.run(ThreadPoolExecutor.java:635)
      at java.base/java.lang.Thread.run(Thread.java:833)
    </failure>
  </testcase>
  <system-out><![CDATA[]]></system-out>
  <system-err><![CDATA[]]></system-err>
</testsuite>