[0m[[0m[0mdebug[0m] [0m[0m> Exec(test, Some(8e31da68-1c1d-4b7b-92d7-651d972368b9), Some(CommandSource(console0)))[0m
[0m[[0m[0mdebug[0m] [0m[0mEvaluating tasks: Test / test[0m
[0m[[0m[0mdebug[0m] [0m[0mRunning task... Cancel: Signal, check cycles: false, forcegc: true[0m
[0m[[0m[0minfo[0m] [0m[0mcompiling 4 Scala sources to /Users/brenteritou/Downloads/akka-basics-for-scala/exercises/scala/003_child_actor/target/scala-2.13/classes ...[0m
[0m[[0m[0minfo[0m] [0m[0mcompiling 3 Scala sources to /Users/brenteritou/Downloads/akka-basics-for-scala/exercises/scala/003_child_actor/target/scala-2.13/test-classes ...[0m
[0m[[0m[0minfo[0m] [0m[0m[32mCoffeeMachineTests:[0m[0m
[0m[[0m[0minfo[0m] [0m[0m[32mCoffeeMachine[0m[0m
[0m[[0m[0minfo[0m] [0m[0m[32m- should transition from IDLE to Brewing on receiving BrewCoffee message[0m[0m
[0m[[0m[0minfo[0m] [0m[0m[32m- should transition between its states along the full cycle[0m[0m
[0m[[0m[0minfo[0m] [0m[0m[32m- should be able to start a new cycle after completing one[0m[0m
[0m[[0m[0minfo[0m] [0m[0m[32mBaristaTests:[0m[0m
[0m[[0m[0minfo[0m] [0m[0m[32mBarista[0m[0m
[0m[[0m[0minfo[0m] [0m[0m[32m- should log receiving order[0m[0m
[0m[[0m[0minfo[0m] [0m[0m[31m- should spawn a child actor CoffeeMachine with as actor name 'coffee-machine' *** FAILED ***[0m[0m
[0m[[0m[0minfo[0m] [0m[0m[31m  java.lang.AssertionError: expected: effect type akka.actor.testkit.typed.Effect$Spawned but no effects were recorded[0m[0m
[0m[[0m[0minfo[0m] [0m[0m[31m  at akka.actor.testkit.typed.internal.BehaviorTestKitImpl.expectEffectClass(BehaviorTestKitImpl.scala:120)[0m[0m
[0m[[0m[0minfo[0m] [0m[0m[31m  at akka.actor.testkit.typed.internal.BehaviorTestKitImpl.expectEffectType(BehaviorTestKitImpl.scala:138)[0m[0m
[0m[[0m[0minfo[0m] [0m[0m[31m  at BaristaTests.$anonfun$new$3(BaristaTests.scala:40)[0m[0m
[0m[[0m[0minfo[0m] [0m[0m[31m  at org.scalatest.OutcomeOf.outcomeOf(OutcomeOf.scala:85)[0m[0m
[0m[[0m[0minfo[0m] [0m[0m[31m  at org.scalatest.OutcomeOf.outcomeOf$(OutcomeOf.scala:83)[0m[0m
[0m[[0m[0minfo[0m] [0m[0m[31m  at org.scalatest.OutcomeOf$.outcomeOf(OutcomeOf.scala:104)[0m[0m
[0m[[0m[0minfo[0m] [0m[0m[31m  at org.scalatest.Transformer.apply(Transformer.scala:22)[0m[0m
[0m[[0m[0minfo[0m] [0m[0m[31m  at org.scalatest.Transformer.apply(Transformer.scala:20)[0m[0m
[0m[[0m[0minfo[0m] [0m[0m[31m  at org.scalatest.wordspec.AnyWordSpecLike$$anon$3.apply(AnyWordSpecLike.scala:1076)[0m[0m
[0m[[0m[0minfo[0m] [0m[0m[31m  at akka.actor.testkit.typed.scaladsl.LogCapturing.withFixture(LogCapturing.scala:70)[0m[0m
[0m[[0m[0minfo[0m] [0m[0m[31m  ...[0m[0m
[0m[[0m[0minfo[0m] [0m[0m[36mRun completed in 40 seconds, 566 milliseconds.[0m[0m
[0m[[0m[0minfo[0m] [0m[0m[36mTotal number of tests run: 5[0m[0m
[0m[[0m[0minfo[0m] [0m[0m[36mSuites: completed 2, aborted 0[0m[0m
[0m[[0m[0minfo[0m] [0m[0m[36mTests: succeeded 4, failed 1, canceled 0, ignored 0, pending 0[0m[0m
[0m[[0m[0minfo[0m] [0m[0m[31m*** 1 TEST FAILED ***[0m[0m
[0m[[0m[31merror[0m] [0m[0mFailed tests:[0m
[0m[[0m[31merror[0m] [0m[0m	BaristaTests[0m
[0m[[0m[31merror[0m] [0m[0m(Test / [31mtest[0m) sbt.TestsFailedException: Tests unsuccessful[0m
[0m[[0m[31merror[0m] [0m[0mTotal time: 43 s, completed Jun. 5, 2024, 2:05:37 p.m.[0m
[0m[[0m[0mdebug[0m] [0m[0m> Exec(shell, None, None)[0m
